JOB ID: 23963647
EPOCHS: 10
FREEZE_PRETRAINED: True
----------------------------------------------------------------
Device: CUDA
Device Name: Tesla V100-FHHL-16GB
Memory Usage:
  - Allocated: 0.1 GB
  - Cached: 0.2 GB
================================================================
Summary of Neural Network:
----------------------------------------------------------------
        Layer (type)               Output Shape         Param #
================================================================
            Conv2d-1         [-1, 16, 258, 246]             448
              ReLU-2         [-1, 16, 258, 246]               0
         MaxPool2d-3         [-1, 16, 129, 123]               0
            Conv2d-4         [-1, 32, 131, 125]           4,640
              ReLU-5         [-1, 32, 131, 125]               0
         MaxPool2d-6           [-1, 32, 65, 62]               0
            Conv2d-7           [-1, 64, 67, 64]          18,496
              ReLU-8           [-1, 64, 67, 64]               0
         MaxPool2d-9           [-1, 64, 33, 32]               0
           Conv2d-10          [-1, 128, 35, 34]          73,856
             ReLU-11          [-1, 128, 35, 34]               0
        MaxPool2d-12          [-1, 128, 17, 17]               0
          Flatten-13                [-1, 36992]               0
           Linear-14                 [-1, 1000]      36,993,000
             ReLU-15                 [-1, 1000]               0
           Linear-16                  [-1, 500]         500,500
             ReLU-17                  [-1, 500]               0
           Linear-18                  [-1, 100]          50,100
             ReLU-19                  [-1, 100]               0
           Linear-20                   [-1, 86]           8,686
================================================================
Total params: 37,649,726
Trainable params: 37,649,726
Non-trainable params: 0
----------------------------------------------------------------
Input size (MB): 0.71
Forward/backward pass size (MB): 34.03
Params size (MB): 143.62
Estimated Total Size (MB): 178.37
----------------------------------------------------------------
================================================================
Training final regression layer...
----------------------------------------------------------------
EPOCH 1 / 10
Training: 100%|██████████| 1664/1664 [2:36:38<00:00,  5.65s/it]
Validating: 100%|██████████| 476/476 [38:49<00:00,  4.89s/it]
Training Time: 156.6 minutes
Training Loss: 2.804, Validation Loss: 1.552
Training Accuracy: 32.584%, Validation Accuracy: 60.949%
Five Number Summary of Validation Errors: 0.00 0.00 0.00 2.00 56.00
----------------------------------------------------------------
EPOCH 2 / 10
Training: 100%|██████████| 1664/1664 [1:28:55<00:00,  3.21s/it]
Validating: 100%|██████████| 476/476 [22:38<00:00,  2.85s/it]
Training Time: 88.9 minutes
Training Loss: 1.159, Validation Loss: 0.978
Training Accuracy: 70.033%, Validation Accuracy: 74.374%
Five Number Summary of Validation Errors: 0.00 0.00 0.00 1.00 56.00
----------------------------------------------------------------
EPOCH 3 / 10
Training: 100%|██████████| 1664/1664 [1:21:09<00:00,  2.93s/it]
Validating: 100%|██████████| 476/476 [22:22<00:00,  2.82s/it]
Training Time: 81.2 minutes
Training Loss: 0.669, Validation Loss: 0.780
Training Accuracy: 82.492%, Validation Accuracy: 81.086%
Five Number Summary of Validation Errors: 0.00 0.00 0.00 0.00 56.00
----------------------------------------------------------------
EPOCH 4 / 10
Training: 100%|██████████| 1664/1664 [1:16:23<00:00,  2.75s/it]
Validating: 100%|██████████| 476/476 [19:33<00:00,  2.47s/it]
Training Time: 76.4 minutes
Training Loss: 0.373, Validation Loss: 0.714
Training Accuracy: 89.699%, Validation Accuracy: 83.361%
Five Number Summary of Validation Errors: 0.00 0.00 0.00 0.00 56.00
----------------------------------------------------------------
EPOCH 5 / 10
Training: 100%|██████████| 1664/1664 [42:10<00:00,  1.52s/it]
Validating: 100%|██████████| 476/476 [15:50<00:00,  2.00s/it]
Training Time: 42.2 minutes
Training Loss: 0.187, Validation Loss: 0.788
Training Accuracy: 94.712%, Validation Accuracy: 83.860%
Five Number Summary of Validation Errors: 0.00 0.00 0.00 0.00 56.00
----------------------------------------------------------------
EPOCH 6 / 10
Training: 100%|██████████| 1664/1664 [1:11:35<00:00,  2.58s/it]
Validating: 100%|██████████| 476/476 [13:43<00:00,  1.73s/it]
Training Time: 71.6 minutes
Training Loss: 0.108, Validation Loss: 0.865
Training Accuracy: 97.057%, Validation Accuracy: 84.353%
Five Number Summary of Validation Errors: 0.00 0.00 0.00 0.00 55.00
----------------------------------------------------------------
EPOCH 7 / 10
Training: 100%|██████████| 1664/1664 [35:06<00:00,  1.27s/it]
Validating: 100%|██████████| 476/476 [14:59<00:00,  1.89s/it]
Training Time: 35.1 minutes
Training Loss: 0.069, Validation Loss: 0.821
Training Accuracy: 98.155%, Validation Accuracy: 85.741%
Five Number Summary of Validation Errors: 0.00 0.00 0.00 0.00 54.00
----------------------------------------------------------------
EPOCH 8 / 10
Training: 100%|██████████| 1664/1664 [1:03:28<00:00,  2.29s/it]
Validating: 100%|██████████| 476/476 [13:04<00:00,  1.65s/it]
Training Time: 63.5 minutes
Training Loss: 0.044, Validation Loss: 0.745
Training Accuracy: 98.858%, Validation Accuracy: 86.418%
Five Number Summary of Validation Errors: 0.00 0.00 0.00 0.00 56.00
----------------------------------------------------------------
EPOCH 9 / 10
Training: 100%|██████████| 1664/1664 [35:26<00:00,  1.28s/it]
Validating: 100%|██████████| 476/476 [1:21:13<00:00, 10.24s/it]
Training Time: 35.4 minutes
Training Loss: 0.023, Validation Loss: 0.827
Training Accuracy: 99.361%, Validation Accuracy: 87.141%
Five Number Summary of Validation Errors: 0.00 0.00 0.00 0.00 55.00
----------------------------------------------------------------
EPOCH 10 / 10
Training: 100%|██████████| 1664/1664 [1:49:04<00:00,  3.93s/it]
Validating: 100%|██████████| 476/476 [30:49<00:00,  3.88s/it]
Training Time: 109.1 minutes
Training Loss: 0.030, Validation Loss: 0.873
Training Accuracy: 99.290%, Validation Accuracy: 86.174%
Five Number Summary of Validation Errors: 0.00 0.00 0.00 0.00 55.00
================================================================
Training is done.
Time Elapsed: 17 hours and 13.2 minutes
Training plot saved to /dfs7/adl/pnlong/artificial_dj/data/tempo_nn.png.
